This is pdfTeX, Version 3.141592653-2.6-1.40.25 (TeX Live 2023/Debian) (preloaded format=pdflatex)
 restricted \write18 enabled.
entering extended mode
(./plantillatfg.tex
LaTeX2e <2023-11-01> patch level 1
L3 programming layer <2024-01-22>
(./tfgetsinf.cls
Document Class: tfgetsinf 2015/05/04 v1 LaTeX document class
(/usr/share/texlive/texmf-dist/tex/latex/base/book.cls
Document Class: book 2023/05/17 v1.4n Standard LaTeX document class
(/usr/share/texlive/texmf-dist/tex/latex/base/bk11.clo))
(/usr/share/texlive/texmf-dist/tex/latex/base/fontenc.sty)
(/usr/share/texlive/texmf-dist/tex/generic/babel/babel.sty
(/usr/share/texlive/texmf-dist/tex/generic/babel/txtbabel.def)
(/usr/share/texlive/texmf-dist/tex/generic/babel-english/english.ldf)
(/usr/share/texlive/texmf-dist/tex/generic/babel-catalan/catalan.ldf)
(/usr/share/texlive/texmf-dist/tex/generic/babel-spanish/spanish.ldf))
(/usr/share/texlive/texmf-dist/tex/generic/babel/locale/es/babel-spanish.tex)
(/usr/share/texlive/texmf-dist/tex/generic/babel/locale/ca/babel-catalan.tex)
(/usr/share/texlive/texmf-dist/tex/generic/babel/locale/en/babel-english.tex)
(/usr/share/texlive/texmf-dist/tex/latex/psnfss/mathpazo.sty)
(/usr/share/texlive/texmf-dist/tex/latex/geometry/geometry.sty
(/usr/share/texlive/texmf-dist/tex/latex/graphics/keyval.sty)
(/usr/share/texlive/texmf-dist/tex/generic/iftex/ifvtex.sty
(/usr/share/texlive/texmf-dist/tex/generic/iftex/iftex.sty)))
(/usr/share/texlive/texmf-dist/tex/latex/url/url.sty)
(/usr/share/texlive/texmf-dist/tex/latex/tocbibind/tocbibind.sty

Package tocbibind Note: Using chapter style headings, unless overridden.

) (/usr/share/texlive/texmf-dist/tex/latex/xcolor/xcolor.sty
(/usr/share/texlive/texmf-dist/tex/latex/graphics-cfg/color.cfg)
(/usr/share/texlive/texmf-dist/tex/latex/graphics-def/pdftex.def)
(/usr/share/texlive/texmf-dist/tex/latex/graphics/mathcolor.ltx))
(/usr/share/texlive/texmf-dist/tex/latex/caption/caption.sty
(/usr/share/texlive/texmf-dist/tex/latex/caption/caption3.sty))
(/usr/share/texlive/texmf-dist/tex/latex/algorithms/algorithmic.sty
(/usr/share/texlive/texmf-dist/tex/latex/base/ifthen.sty))
(/usr/share/texlive/texmf-dist/tex/latex/newfloat/newfloat.sty)
(/usr/share/texlive/texmf-dist/tex/latex/listings/listings.sty
(/usr/share/texlive/texmf-dist/tex/latex/listings/lstmisc.sty)
(/usr/share/texlive/texmf-dist/tex/latex/listings/listings.cfg))
(/usr/share/texlive/texmf-dist/tex/latex/listings/lstlang1.sty)
(/usr/share/texlive/texmf-dist/tex/latex/titlesec/titlesec.sty)
(/usr/share/texlive/texmf-dist/tex/latex/tocloft/tocloft.sty)
(/usr/share/texlive/texmf-dist/tex/latex/fancyhdr/fancyhdr.sty)
(/usr/share/texlive/texmf-dist/tex/latex/graphics/graphicx.sty
(/usr/share/texlive/texmf-dist/tex/latex/graphics/graphics.sty
(/usr/share/texlive/texmf-dist/tex/latex/graphics/trig.sty)
(/usr/share/texlive/texmf-dist/tex/latex/graphics-cfg/graphics.cfg)))
(/usr/share/texlive/texmf-dist/tex/latex/eso-pic/eso-pic.sty)
(/usr/share/texlive/texmf-dist/tex/latex/hyperref/hyperref.sty
(/usr/share/texlive/texmf-dist/tex/latex/kvsetkeys/kvsetkeys.sty)
(/usr/share/texlive/texmf-dist/tex/generic/kvdefinekeys/kvdefinekeys.sty)
(/usr/share/texlive/texmf-dist/tex/generic/pdfescape/pdfescape.sty
(/usr/share/texlive/texmf-dist/tex/generic/ltxcmds/ltxcmds.sty)
(/usr/share/texlive/texmf-dist/tex/generic/pdftexcmds/pdftexcmds.sty
(/usr/share/texlive/texmf-dist/tex/generic/infwarerr/infwarerr.sty)))
(/usr/share/texlive/texmf-dist/tex/latex/hycolor/hycolor.sty)
(/usr/share/texlive/texmf-dist/tex/latex/auxhook/auxhook.sty)
(/usr/share/texlive/texmf-dist/tex/latex/hyperref/nameref.sty
(/usr/share/texlive/texmf-dist/tex/latex/refcount/refcount.sty)
(/usr/share/texlive/texmf-dist/tex/generic/gettitlestring/gettitlestring.sty
(/usr/share/texlive/texmf-dist/tex/latex/kvoptions/kvoptions.sty)))
(/usr/share/texlive/texmf-dist/tex/latex/etoolbox/etoolbox.sty)
(/usr/share/texlive/texmf-dist/tex/latex/hyperref/pd1enc.def)
(/usr/share/texlive/texmf-dist/tex/generic/intcalc/intcalc.sty)
(/usr/share/texlive/texmf-dist/tex/latex/hyperref/puenc.def)
(/usr/share/texlive/texmf-dist/tex/generic/bitset/bitset.sty
(/usr/share/texlive/texmf-dist/tex/generic/bigintcalc/bigintcalc.sty))
(/usr/share/texlive/texmf-dist/tex/latex/base/atbegshi-ltx.sty))
(/usr/share/texlive/texmf-dist/tex/latex/hyperref/hpdftex.def
(/usr/share/texlive/texmf-dist/tex/latex/base/atveryend-ltx.sty)
(/usr/share/texlive/texmf-dist/tex/latex/rerunfilecheck/rerunfilecheck.sty
(/usr/share/texlive/texmf-dist/tex/generic/uniquecounter/uniquecounter.sty))))
(/usr/share/texlive/texmf-dist/tex/latex/pgfplots/pgfplotstable.sty
(/usr/share/texlive/texmf-dist/tex/generic/pgfplots/pgfplots.revision.tex)
(/usr/share/texlive/texmf-dist/tex/latex/pgfplots/pgfplots.sty
(/usr/share/texlive/texmf-dist/tex/generic/pgfplots/pgfplots.revision.tex)
(/usr/share/texlive/texmf-dist/tex/latex/pgf/frontendlayer/tikz.sty
(/usr/share/texlive/texmf-dist/tex/latex/pgf/basiclayer/pgf.sty
(/usr/share/texlive/texmf-dist/tex/latex/pgf/utilities/pgfrcs.sty
(/usr/share/texlive/texmf-dist/tex/generic/pgf/utilities/pgfutil-common.tex)
(/usr/share/texlive/texmf-dist/tex/generic/pgf/utilities/pgfutil-latex.def)
(/usr/share/texlive/texmf-dist/tex/generic/pgf/utilities/pgfrcs.code.tex
(/usr/share/texlive/texmf-dist/tex/generic/pgf/pgf.revision.tex)))
(/usr/share/texlive/texmf-dist/tex/latex/pgf/basiclayer/pgfcore.sty
(/usr/share/texlive/texmf-dist/tex/latex/pgf/systemlayer/pgfsys.sty
(/usr/share/texlive/texmf-dist/tex/generic/pgf/systemlayer/pgfsys.code.tex
(/usr/share/texlive/texmf-dist/tex/generic/pgf/utilities/pgfkeys.code.tex
(/usr/share/texlive/texmf-dist/tex/generic/pgf/utilities/pgfkeyslibraryfiltered
.code.tex)) (/usr/share/texlive/texmf-dist/tex/generic/pgf/systemlayer/pgf.cfg)
(/usr/share/texlive/texmf-dist/tex/generic/pgf/systemlayer/pgfsys-pdftex.def
(/usr/share/texlive/texmf-dist/tex/generic/pgf/systemlayer/pgfsys-common-pdf.de
f)))
(/usr/share/texlive/texmf-dist/tex/generic/pgf/systemlayer/pgfsyssoftpath.code.
tex)
(/usr/share/texlive/texmf-dist/tex/generic/pgf/systemlayer/pgfsysprotocol.code.
tex))
(/usr/share/texlive/texmf-dist/tex/generic/pgf/basiclayer/pgfcore.code.tex
(/usr/share/texlive/texmf-dist/tex/generic/pgf/math/pgfmath.code.tex
(/usr/share/texlive/texmf-dist/tex/generic/pgf/math/pgfmathutil.code.tex)
(/usr/share/texlive/texmf-dist/tex/generic/pgf/math/pgfmathparser.code.tex)
(/usr/share/texlive/texmf-dist/tex/generic/pgf/math/pgfmathfunctions.code.tex)
(/usr/share/texlive/texmf-dist/tex/generic/pgf/math/pgfmathfunctions.basic.code
.tex)
(/usr/share/texlive/texmf-dist/tex/generic/pgf/math/pgfmathfunctions.trigonomet
ric.code.tex)
(/usr/share/texlive/texmf-dist/tex/generic/pgf/math/pgfmathfunctions.random.cod
e.tex)
(/usr/share/texlive/texmf-dist/tex/generic/pgf/math/pgfmathfunctions.comparison
.code.tex)
(/usr/share/texlive/texmf-dist/tex/generic/pgf/math/pgfmathfunctions.base.code.
tex)
(/usr/share/texlive/texmf-dist/tex/generic/pgf/math/pgfmathfunctions.round.code
.tex)
(/usr/share/texlive/texmf-dist/tex/generic/pgf/math/pgfmathfunctions.misc.code.
tex)
(/usr/share/texlive/texmf-dist/tex/generic/pgf/math/pgfmathfunctions.integerari
thmetics.code.tex)
(/usr/share/texlive/texmf-dist/tex/generic/pgf/math/pgfmathcalc.code.tex)
(/usr/share/texlive/texmf-dist/tex/generic/pgf/math/pgfmathfloat.code.tex))
(/usr/share/texlive/texmf-dist/tex/generic/pgf/math/pgfint.code.tex)
(/usr/share/texlive/texmf-dist/tex/generic/pgf/basiclayer/pgfcorepoints.code.te
x)
(/usr/share/texlive/texmf-dist/tex/generic/pgf/basiclayer/pgfcorepathconstruct.
code.tex)
(/usr/share/texlive/texmf-dist/tex/generic/pgf/basiclayer/pgfcorepathusage.code
.tex)
(/usr/share/texlive/texmf-dist/tex/generic/pgf/basiclayer/pgfcorescopes.code.te
x)
(/usr/share/texlive/texmf-dist/tex/generic/pgf/basiclayer/pgfcoregraphicstate.c
ode.tex)
(/usr/share/texlive/texmf-dist/tex/generic/pgf/basiclayer/pgfcoretransformation
s.code.tex)
(/usr/share/texlive/texmf-dist/tex/generic/pgf/basiclayer/pgfcorequick.code.tex
)
(/usr/share/texlive/texmf-dist/tex/generic/pgf/basiclayer/pgfcoreobjects.code.t
ex)
(/usr/share/texlive/texmf-dist/tex/generic/pgf/basiclayer/pgfcorepathprocessing
.code.tex)
(/usr/share/texlive/texmf-dist/tex/generic/pgf/basiclayer/pgfcorearrows.code.te
x)
(/usr/share/texlive/texmf-dist/tex/generic/pgf/basiclayer/pgfcoreshade.code.tex
)
(/usr/share/texlive/texmf-dist/tex/generic/pgf/basiclayer/pgfcoreimage.code.tex
)
(/usr/share/texlive/texmf-dist/tex/generic/pgf/basiclayer/pgfcoreexternal.code.
tex)
(/usr/share/texlive/texmf-dist/tex/generic/pgf/basiclayer/pgfcorelayers.code.te
x)
(/usr/share/texlive/texmf-dist/tex/generic/pgf/basiclayer/pgfcoretransparency.c
ode.tex)
(/usr/share/texlive/texmf-dist/tex/generic/pgf/basiclayer/pgfcorepatterns.code.
tex)
(/usr/share/texlive/texmf-dist/tex/generic/pgf/basiclayer/pgfcorerdf.code.tex))
)
(/usr/share/texlive/texmf-dist/tex/generic/pgf/modules/pgfmoduleshapes.code.tex
) (/usr/share/texlive/texmf-dist/tex/generic/pgf/modules/pgfmoduleplot.code.tex
)
(/usr/share/texlive/texmf-dist/tex/latex/pgf/compatibility/pgfcomp-version-0-65
.sty)
(/usr/share/texlive/texmf-dist/tex/latex/pgf/compatibility/pgfcomp-version-1-18
.sty)) (/usr/share/texlive/texmf-dist/tex/latex/pgf/utilities/pgffor.sty
(/usr/share/texlive/texmf-dist/tex/latex/pgf/utilities/pgfkeys.sty
(/usr/share/texlive/texmf-dist/tex/generic/pgf/utilities/pgfkeys.code.tex))
(/usr/share/texlive/texmf-dist/tex/latex/pgf/math/pgfmath.sty
(/usr/share/texlive/texmf-dist/tex/generic/pgf/math/pgfmath.code.tex))
(/usr/share/texlive/texmf-dist/tex/generic/pgf/utilities/pgffor.code.tex))
(/usr/share/texlive/texmf-dist/tex/generic/pgf/frontendlayer/tikz/tikz.code.tex

(/usr/share/texlive/texmf-dist/tex/generic/pgf/libraries/pgflibraryplothandlers
.code.tex)
(/usr/share/texlive/texmf-dist/tex/generic/pgf/modules/pgfmodulematrix.code.tex
)
(/usr/share/texlive/texmf-dist/tex/generic/pgf/frontendlayer/tikz/libraries/tik
zlibrarytopaths.code.tex)))
(/usr/share/texlive/texmf-dist/tex/generic/pgfplots/pgfplots.code.tex
(/usr/share/texlive/texmf-dist/tex/generic/pgfplots/pgfplotscore.code.tex
(/usr/share/texlive/texmf-dist/tex/generic/pgfplots/sys/pgfplotssysgeneric.code
.tex))
(/usr/share/texlive/texmf-dist/tex/generic/pgfplots/libs/pgfplotslibrary.code.t
ex)
(/usr/share/texlive/texmf-dist/tex/generic/pgfplots/oldpgfcompatib/pgfplotsoldp
gfsupp_loader.code.tex
(/usr/share/texlive/texmf-dist/tex/generic/pgf/libraries/pgflibraryfpu.code.tex
)
Package pgfplots: loading complementary utilities for your pgf version...

(/usr/share/texlive/texmf-dist/tex/generic/pgfplots/oldpgfcompatib/pgfplotsoldp
gfsupp_pgfutil-common-lists.tex))
(/usr/share/texlive/texmf-dist/tex/generic/pgfplots/util/pgfplotsutil.code.tex
(/usr/share/texlive/texmf-dist/tex/generic/pgfplots/liststructure/pgfplotslists
tructure.code.tex)
(/usr/share/texlive/texmf-dist/tex/generic/pgfplots/liststructure/pgfplotslists
tructureext.code.tex)
(/usr/share/texlive/texmf-dist/tex/generic/pgfplots/liststructure/pgfplotsarray
.code.tex)
(/usr/share/texlive/texmf-dist/tex/generic/pgfplots/liststructure/pgfplotsmatri
x.code.tex)
(/usr/share/texlive/texmf-dist/tex/generic/pgfplots/numtable/pgfplotstableshare
d.code.tex)
(/usr/share/texlive/texmf-dist/tex/generic/pgfplots/liststructure/pgfplotsdeque
.code.tex)
(/usr/share/texlive/texmf-dist/tex/generic/pgfplots/util/pgfplotsbinary.code.te
x
(/usr/share/texlive/texmf-dist/tex/generic/pgfplots/util/pgfplotsbinary.data.co
de.tex))
(/usr/share/texlive/texmf-dist/tex/generic/pgfplots/util/pgfplotsutil.verb.code
.tex)
(/usr/share/texlive/texmf-dist/tex/generic/pgfplots/libs/pgflibrarypgfplots.sur
fshading.code.tex
(/usr/share/texlive/texmf-dist/tex/generic/pgfplots/sys/pgflibrarypgfplots.surf
shading.pgfsys-pdftex.def)))
(/usr/share/texlive/texmf-dist/tex/generic/pgfplots/util/pgfplotscolormap.code.
tex
(/usr/share/texlive/texmf-dist/tex/generic/pgfplots/util/pgfplotscolor.code.tex
))
(/usr/share/texlive/texmf-dist/tex/generic/pgfplots/pgfplotsstackedplots.code.t
ex)
(/usr/share/texlive/texmf-dist/tex/generic/pgfplots/pgfplotsplothandlers.code.t
ex
(/usr/share/texlive/texmf-dist/tex/generic/pgfplots/pgfplotsmeshplothandler.cod
e.tex
(/usr/share/texlive/texmf-dist/tex/generic/pgfplots/pgfplotsmeshplotimage.code.
tex)))
(/usr/share/texlive/texmf-dist/tex/generic/pgfplots/pgfplots.scaling.code.tex)
(/usr/share/texlive/texmf-dist/tex/generic/pgfplots/pgfplotscoordprocessing.cod
e.tex)
(/usr/share/texlive/texmf-dist/tex/generic/pgfplots/pgfplots.errorbars.code.tex
) (/usr/share/texlive/texmf-dist/tex/generic/pgfplots/pgfplots.markers.code.tex
) (/usr/share/texlive/texmf-dist/tex/generic/pgfplots/pgfplotsticks.code.tex)
(/usr/share/texlive/texmf-dist/tex/generic/pgfplots/pgfplots.paths.code.tex)
(/usr/share/texlive/texmf-dist/tex/generic/pgf/frontendlayer/tikz/libraries/tik
zlibrarydecorations.code.tex
(/usr/share/texlive/texmf-dist/tex/generic/pgf/modules/pgfmoduledecorations.cod
e.tex))
(/usr/share/texlive/texmf-dist/tex/generic/pgf/frontendlayer/tikz/libraries/tik
zlibrarydecorations.pathmorphing.code.tex
(/usr/share/texlive/texmf-dist/tex/generic/pgf/libraries/decorations/pgflibrary
decorations.pathmorphing.code.tex))
(/usr/share/texlive/texmf-dist/tex/generic/pgf/frontendlayer/tikz/libraries/tik
zlibrarydecorations.pathreplacing.code.tex
(/usr/share/texlive/texmf-dist/tex/generic/pgf/libraries/decorations/pgflibrary
decorations.pathreplacing.code.tex))
(/usr/share/texlive/texmf-dist/tex/generic/pgfplots/libs/tikzlibrarypgfplots.co
ntourlua.code.tex))
(/usr/share/texlive/texmf-dist/tex/generic/pgf/frontendlayer/tikz/libraries/tik
zlibraryplotmarks.code.tex
(/usr/share/texlive/texmf-dist/tex/generic/pgf/libraries/pgflibraryplotmarks.co
de.tex)))
(/usr/share/texlive/texmf-dist/tex/generic/pgfplots/numtable/pgfplotstable.code
.tex
(/usr/share/texlive/texmf-dist/tex/generic/pgfplots/numtable/pgfplotstable.colt
ype.code.tex)) (/usr/share/texlive/texmf-dist/tex/latex/tools/array.sty))
(/usr/share/texlive/texmf-dist/tex/latex/booktabs/booktabs.sty)
(/usr/share/texlive/texmf-dist/tex/latex/multirow/multirow.sty)
(/usr/share/texlive/texmf-dist/tex/latex/caption/subcaption.sty)
(/usr/share/texlive/texmf-dist/tex/latex/float/float.sty)
(/usr/share/texlive/texmf-dist/tex/latex/amsmath/amsmath.sty
For additional information on amsmath, use the `?' option.
(/usr/share/texlive/texmf-dist/tex/latex/amsmath/amstext.sty
(/usr/share/texlive/texmf-dist/tex/latex/amsmath/amsgen.sty))
(/usr/share/texlive/texmf-dist/tex/latex/amsmath/amsbsy.sty)
(/usr/share/texlive/texmf-dist/tex/latex/amsmath/amsopn.sty))
(/usr/share/texlive/texmf-dist/tex/latex/tools/tabularx.sty)
(/usr/share/texlive/texmf-dist/tex/latex/algorithmicx/algorithmicx.sty
Document Style algorithmicx 1.2 - a greatly improved `algorithmic' style

! LaTeX Error: Command \algorithmic already defined.
               Or name \end... illegal, see p.192 of the manual.

See the LaTeX manual or LaTeX Companion for explanation.
Type  H <return>  for immediate help.
 ...                                              
                                                  
l.112    }
          %
) (/usr/share/texlive/texmf-dist/tex/latex/algorithmicx/algpseudocode.sty
Document Style - pseudocode environments for use with the `algorithmicx' style
) (/usr/share/texlive/texmf-dist/tex/latex/base/inputenc.sty)
(/usr/share/texlive/texmf-dist/tex/latex/glossaries/base/glossaries.sty
(/usr/share/texlive/texmf-dist/tex/latex/xkeyval/xkeyval.sty
(/usr/share/texlive/texmf-dist/tex/generic/xkeyval/xkeyval.tex
(/usr/share/texlive/texmf-dist/tex/generic/xkeyval/xkvutils.tex)))
(/usr/share/texlive/texmf-dist/tex/latex/mfirstuc/mfirstuc.sty)
(/usr/share/texlive/texmf-dist/tex/latex/xfor/xfor.sty)
(/usr/share/texlive/texmf-dist/tex/latex/datatool/datatool-base.sty
(/usr/share/texlive/texmf-dist/tex/latex/substr/substr.sty)
(/usr/share/texlive/texmf-dist/tex/latex/datatool/datatool-fp.sty
(/usr/share/texlive/texmf-dist/tex/latex/fp/fp.sty
`Fixed Point Package', Version 0.8, April 2, 1995 (C) Michael Mehlich
(/usr/share/texlive/texmf-dist/tex/latex/fp/defpattern.sty)
(/usr/share/texlive/texmf-dist/tex/latex/fp/fp-basic.sty)
(/usr/share/texlive/texmf-dist/tex/latex/fp/fp-addons.sty)
(/usr/share/texlive/texmf-dist/tex/latex/fp/fp-snap.sty)
(/usr/share/texlive/texmf-dist/tex/latex/fp/fp-exp.sty)
(/usr/share/texlive/texmf-dist/tex/latex/fp/fp-trigo.sty)
(/usr/share/texlive/texmf-dist/tex/latex/fp/fp-pas.sty)
(/usr/share/texlive/texmf-dist/tex/latex/fp/fp-random.sty)
(/usr/share/texlive/texmf-dist/tex/latex/fp/fp-eqn.sty)
(/usr/share/texlive/texmf-dist/tex/latex/fp/fp-upn.sty)
(/usr/share/texlive/texmf-dist/tex/latex/fp/fp-eval.sty))))
(/usr/share/texlive/texmf-dist/tex/latex/tracklang/tracklang.sty
(/usr/share/texlive/texmf-dist/tex/generic/tracklang/tracklang.tex))
(/usr/share/texlive/texmf-dist/tex/latex/translator/translator.sty)
(/usr/share/texlive/texmf-dist/tex/latex/glossaries-spanish/glossaries-spanish.
ldf
(/usr/share/texlive/texmf-dist/tex/latex/glossaries-spanish/glossaries-spanish-
utf8.ldf))
(/usr/share/texlive/texmf-dist/tex/latex/glossaries/styles/glossary-hypernav.st
y) (/usr/share/texlive/texmf-dist/tex/latex/glossaries/styles/glossary-list.sty
) (/usr/share/texlive/texmf-dist/tex/latex/glossaries/styles/glossary-long.sty
(/usr/share/texlive/texmf-dist/tex/latex/tools/longtable.sty))
(/usr/share/texlive/texmf-dist/tex/latex/glossaries/styles/glossary-super.sty
(/usr/share/texlive/texmf-dist/tex/latex/supertabular/supertabular.sty))
(/usr/share/texlive/texmf-dist/tex/latex/glossaries/styles/glossary-tree.sty))
(/usr/share/texlive/texmf-dist/tex/latex/psnfss/t1ppl.fd)
(/usr/share/texlive/texmf-dist/tex/latex/l3backend/l3backend-pdftex.def)
No file plantillatfg.aux.
*geometry* driver: auto-detecting
*geometry* detected driver: pdftex
(/usr/share/texlive/texmf-dist/tex/context/base/mkii/supp-pdf.mkii
[Loading MPS to PDF converter (version 2006.09.02).]
) (/usr/share/texlive/texmf-dist/tex/latex/epstopdf-pkg/epstopdf-base.sty
(/usr/share/texlive/texmf-dist/tex/latex/latexconfig/epstopdf-sys.cfg))
(/usr/share/texlive/texmf-dist/tex/latex/caption/ltcaption.sty)
(/usr/share/texlive/texmf-dist/tex/latex/psnfss/ot1ppl.fd)
(/usr/share/texlive/texmf-dist/tex/latex/psnfss/omlzplm.fd)
(/usr/share/texlive/texmf-dist/tex/latex/psnfss/omszplm.fd)
(/usr/share/texlive/texmf-dist/tex/latex/psnfss/omxzplm.fd)
(/usr/share/texlive/texmf-dist/tex/latex/psnfss/ot1zplm.fd) [1{/var/lib/texmf/f
onts/map/pdftex/updmap/pdftex.map}{/usr/share/texlive/texmf-dist/fonts/enc/dvip
s/base/8r.enc} <./logo-upv.pdf> <./logo-etsinf.pdf> <./baseportada.png>]
[2]
Package pgfplots notification 'compat/show suggested version=true': you might b
enefit from \pgfplotsset{compat=1.18} (current compat level: 1.16).

(/usr/share/texlive/texmf-dist/tex/latex/base/t1cmss.fd)
(/usr/share/texlive/texmf-dist/tex/latex/psnfss/ts1ppl.fd) [3{/usr/share/texmf/
fonts/enc/dvips/cm-super/cm-super-t1.enc}]
Overfull \hbox (6.54967pt too wide) in paragraph at lines 173--173
\T1/ppl/b/n/10.95 Key words: \T1/ppl/m/n/10.95 Con-vo-lu-tional Neu-ral Net-wor
ks, De-fect De-tec-tion, Com-puter Vi-sion, NVIDIA
[4]
No file plantillatfg.toc.
[5] [6]
No file plantillatfg.lof.
No file plantillatfg.lot.
[7] [8]
Cap\'{\i }tulo 1.

LaTeX Warning: Reference `fig:interes_en_inteligencia_artificial' on page 1 und
efined on input line 186.


LaTeX Warning: Citation `hwu2022programming' on page 1 undefined on input line 
197.


LaTeX Warning: Citation `google2025tpu' on page 1 undefined on input line 197.


LaTeX Warning: Citation `nvidia_dla' on page 1 undefined on input line 197.

[1 <./excels/introduccion/interes_en_ia.pdf>]

LaTeX Warning: Citation `challe6010117' on page 2 undefined on input line 204.


LaTeX Warning: Citation `challe6010117' on page 2 undefined on input line 204.


LaTeX Warning: Reference `fig:consumo_electrico_datacenters' on page 2 undefine
d on input line 208.


LaTeX Warning: Citation `challe6010117' on page 2 undefined on input line 208.


LaTeX Warning: Citation `nvidia_jetson_modules' on page 2 undefined on input li
ne 210.


Underfull \vbox (badness 10000) has occurred while \output is active [2 <./imag
es/introduccion/consumo_electrico_datacenters.png>]

LaTeX Warning: Reference `fig:esquema_TFG' on page 3 undefined on input line 22
3.


Underfull \vbox (badness 8038) has occurred while \output is active [3 <./image
s/diseno_e_implementacion/figura_TFG_v3.png>]

LaTeX Warning: Reference `chap:introduccion' on page 4 undefined on input line 
255.


LaTeX Warning: Reference `chap:conceptos_previos' on page 4 undefined on input 
line 257.


LaTeX Warning: Reference `chap:diseno_e_implementacion' on page 4 undefined on 
input line 259.


LaTeX Warning: Reference `chap:evaluacion_solucion' on page 4 undefined on inpu
t line 261.

[4]

LaTeX Warning: Reference `chap:prueba_concepto' on page 5 undefined on input li
ne 263.


LaTeX Warning: Reference `chap:conclusiones' on page 5 undefined on input line 
265.

[5] [6]
Cap\'{\i }tulo 2.

LaTeX Warning: Reference `fig:multilayer_perceptron' on page 7 undefined on inp
ut line 297.

[7]

LaTeX Warning: Citation `khan2018guide' on page 8 undefined on input line 303.


LaTeX Warning: Citation `khan2018guide' on page 8 undefined on input line 303.


LaTeX Warning: Reference `fig:hog' on page 8 undefined on input line 309.


LaTeX Warning: Citation `opengenusHOG' on page 8 undefined on input line 314.


LaTeX Warning: Citation `opengenusHOG' on page 8 undefined on input line 314.

[8 <./images/estado_del_arte/multilayer_perceptron.png> <./images/estado_del_ar
te/HOG_example.png>]

LaTeX Warning: Reference `fig:tareas_vision_por_computador' on page 9 undefined
 on input line 336.


LaTeX Warning: Citation `khan2018guide' on page 9 undefined on input line 341.


LaTeX Warning: Citation `khan2018guide' on page 9 undefined on input line 341.


LaTeX Warning: Citation `khan2018guide' on page 9 undefined on input line 351.


LaTeX Warning: Citation `khan2018guide' on page 9 undefined on input line 351.

[9 <./images/estado_del_arte/diferentes_formas_de_detectar.png>]

LaTeX Warning: Reference `fig:diagrama_de_Venn_inteligencia_artificial' on page
 10 undefined on input line 355.


LaTeX Warning: Citation `khan2018guide' on page 10 undefined on input line 366.



LaTeX Warning: Citation `khan2018guide' on page 10 undefined on input line 366.



LaTeX Warning: Reference `fig:operacion_convolucion' on page 10 undefined on in
put line 370.


Underfull \vbox (badness 10000) has occurred while \output is active [10 <./ima
ges/estado_del_arte/diagrama_de_Venn_inteligencia_artificial.png> <./images/est
ado_del_arte/operacion_convolucion.png>]

LaTeX Warning: Reference `fig:bus_convolucion' on page 11 undefined on input li
ne 391.


LaTeX Warning: Citation `yolo11_ultralytics' on page 11 undefined on input line
 391.


LaTeX Warning: Reference `fig:pooling' on page 11 undefined on input line 402.


LaTeX Warning: Citation `csWikiMaxpoolSample' on page 11 undefined on input lin
e 407.


LaTeX Warning: Citation `csWikiMaxpoolSample' on page 11 undefined on input lin
e 407.

[11 <./images/estado_del_arte/bus_original.jpg> <./images/estado_del_arte/bus_p
rimera_capa_convolucion.png>]

LaTeX Warning: Reference `fig:cnn_example' on page 12 undefined on input line 4
33.

[12 <./images/estado_del_arte/max_pooling.png (PNG copy)>]

LaTeX Warning: Citation `devbreachCNN' on page 13 undefined on input line 438.


LaTeX Warning: Citation `devbreachCNN' on page 13 undefined on input line 438.

[13 <./images/estado_del_arte/cnn_example.png>]

LaTeX Warning: Citation `ImageNet' on page 14 undefined on input line 457.


LaTeX Warning: Citation `lin2015microsoftcococommonobjects' on page 14 undefine
d on input line 457.


LaTeX Warning: Citation `girshick2014richfeaturehierarchiesaccurate' on page 14
 undefined on input line 470.


LaTeX Warning: Reference `fig:selective_search' on page 14 undefined on input l
ine 470.


LaTeX Warning: Citation `explainningAI' on page 14 undefined on input line 487.



LaTeX Warning: Citation `explainningAI' on page 14 undefined on input line 487.



LaTeX Warning: Reference `fig:r-cnn' on page 14 undefined on input line 491.

[14 <./images/estado_del_arte/selective_search_original.png> <./images/estado_d
el_arte/selective_search_result.png>]

LaTeX Warning: Citation `girshick2014richfeaturehierarchiesaccurate' on page 15
 undefined on input line 496.


LaTeX Warning: Citation `girshick2014richfeaturehierarchiesaccurate' on page 15
 undefined on input line 496.


LaTeX Warning: Citation `Liu_2016' on page 15 undefined on input line 509.


LaTeX Warning: Citation `redmon2016lookonceunifiedrealtime' on page 15 undefine
d on input line 509.


LaTeX Warning: Citation `redmon2016lookonceunifiedrealtime' on page 15 undefine
d on input line 518.


LaTeX Warning: Citation `redmon2016lookonceunifiedrealtime' on page 15 undefine
d on input line 518.


Underfull \vbox (badness 10000) has occurred while \output is active [15 <./ima
ges/estado_del_arte/R-CNN.png>]

LaTeX Warning: Reference `fig:yolo_detections_example' on page 16 undefined on 
input line 522.


LaTeX Warning: Citation `redmon2016lookonceunifiedrealtime' on page 16 undefine
d on input line 541.


LaTeX Warning: Citation `redmon2016lookonceunifiedrealtime' on page 16 undefine
d on input line 541.

[16 <./images/estado_del_arte/yolo_detections_example.png>]

LaTeX Warning: Reference `fig:yolo_architecture' on page 17 undefined on input 
line 545.


LaTeX Warning: Citation `redmon2016lookonceunifiedrealtime' on page 17 undefine
d on input line 545.


LaTeX Warning: Citation `yolov5_ultralytics' on page 17 undefined on input line
 547.


LaTeX Warning: Citation `yolov8_ultralytics' on page 17 undefined on input line
 547.


LaTeX Warning: Citation `yolo11_ultralytics' on page 17 undefined on input line
 547.


LaTeX Warning: Citation `Jocher_Ultralytics_YOLO_2023' on page 17 undefined on 
input line 547.

[17 <./images/estado_del_arte/yolo_architecture.png>]

LaTeX Warning: Citation `dennard1974design' on page 18 undefined on input line 
595.

[18]

LaTeX Warning: Citation `moore1965cramming' on page 19 undefined on input line 
597.


LaTeX Warning: Citation `ConteRebootingComputing' on page 19 undefined on input
 line 602.


LaTeX Warning: Citation `ConteRebootingComputing' on page 19 undefined on input
 line 602.


LaTeX Warning: Reference `fig:dennard_scaling' on page 19 undefined on input li
ne 606.


Underfull \vbox (badness 7256) has occurred while \output is active [19 <./imag
es/estado_del_arte/dennard_scaling.png>]

LaTeX Warning: Citation `enccs_gpu_ecosystem' on page 20 undefined on input lin
e 621.


LaTeX Warning: Citation `enccs_gpu_ecosystem' on page 20 undefined on input lin
e 621.


LaTeX Warning: Reference `fig:cpu_vs_gpu' on page 20 undefined on input line 62
4.


Underfull \vbox (badness 10000) has occurred while \output is active [20 <./ima
ges/estado_del_arte/cpu_vs_gpu.png (PNG copy)>] [21]

LaTeX Warning: Reference `tab:jetson_comparison' on page 22 undefined on input 
line 664.


LaTeX Warning: Citation `nvidia_jetson_modules' on page 22 undefined on input l
ine 664.


Underfull \vbox (badness 5050) has occurred while \output is active [22 <./imag
es/estado_del_arte/jetson_family.png (PNG copy)>]

LaTeX Warning: Citation `ultralytics_docker_quickstart' on page 23 undefined on
 input line 677.

[23 <./images/estado_del_arte/TensorRT_optimizaciones.png>]

LaTeX Warning: Reference `fig:tensorrt_architecture' on page 24 undefined on in
put line 713.

[24 <./images/estado_del_arte/TensorRT_pipeline.png>]

LaTeX Warning: Reference `fig:filtro_de_kalman' on page 25 undefined on input l
ine 744.

[25 <./images/estado_del_arte/filtro_de_kalman.png>]

LaTeX Warning: Citation `zhang2022bytetrackmultiobjecttrackingassociating' on p
age 26 undefined on input line 779.


LaTeX Warning: Citation `zhang2022bytetrackmultiobjecttrackingassociating' on p
age 26 undefined on input line 788.


LaTeX Warning: Citation `zhang2022bytetrackmultiobjecttrackingassociating' on p
age 26 undefined on input line 788.

[26]